2025-11-17 20:50:00 [main] INFO  c.r.d.l.LoggerDemo01Application - Starting LoggerDemo01Application using Java 21.0.4 with PID 9040 (J:\spring-revision\logger-demo01\target\classes started by LENOVO in J:\spring-revision\logger-demo01)
2025-11-17 20:50:00 [main] INFO  c.r.d.l.LoggerDemo01Application - No active profile set, falling back to 1 default profile: "default"
2025-11-17 20:50:01 [main] INFO  o.s.b.w.e.tomcat.TomcatWebServer - Tomcat initialized with port 8080 (http)
2025-11-17 20:50:01 [main] INFO  o.a.coyote.http11.Http11NioProtocol - Initializing ProtocolHandler ["http-nio-8080"]
2025-11-17 20:50:01 [main] INFO  o.a.catalina.core.StandardService - Starting service [Tomcat]
2025-11-17 20:50:01 [main] INFO  o.a.catalina.core.StandardEngine - Starting Servlet engine: [Apache Tomcat/10.1.48]
2025-11-17 20:50:01 [main] INFO  o.a.c.c.C.[Tomcat].[localhost].[/] - Initializing Spring embedded WebApplicationContext
2025-11-17 20:50:01 [main] INFO  o.s.b.w.s.c.ServletWebServerApplicationContext - Root WebApplicationContext: initialization completed in 1701 ms
2025-11-17 20:50:02 [main] INFO  o.a.coyote.http11.Http11NioProtocol - Starting ProtocolHandler ["http-nio-8080"]
2025-11-17 20:50:02 [main] INFO  o.s.b.w.e.tomcat.TomcatWebServer - Tomcat started on port 8080 (http) with context path '/'
2025-11-17 20:50:02 [main] INFO  c.r.d.l.LoggerDemo01Application - Started LoggerDemo01Application in 3.235 seconds (process running for 4.94)
2025-11-17 20:50:10 [http-nio-8080-exec-3] INFO  o.a.c.c.C.[Tomcat].[localhost].[/] - Initializing Spring DispatcherServlet 'dispatcherServlet'
2025-11-17 20:50:10 [http-nio-8080-exec-3] INFO  o.s.web.servlet.DispatcherServlet - Initializing Servlet 'dispatcherServlet'
2025-11-17 20:50:10 [http-nio-8080-exec-3] INFO  o.s.web.servlet.DispatcherServlet - Completed initialization in 3 ms
2025-11-17 20:50:10 [http-nio-8080-exec-3] INFO  c.r.d.l.services.MathService - Successfully divided 10 by 2. Result: 5
2025-11-17 20:50:50 [SpringApplicationShutdownHook] INFO  o.s.b.w.e.tomcat.GracefulShutdown - Commencing graceful shutdown. Waiting for active requests to complete
2025-11-17 20:50:50 [tomcat-shutdown] INFO  o.s.b.w.e.tomcat.GracefulShutdown - Graceful shutdown complete
2025-11-17 20:50:57 [main] INFO  c.r.d.l.LoggerDemo01Application - Starting LoggerDemo01Application using Java 21.0.4 with PID 18780 (J:\spring-revision\logger-demo01\target\classes started by LENOVO in J:\spring-revision\logger-demo01)
2025-11-17 20:50:57 [main] INFO  c.r.d.l.LoggerDemo01Application - No active profile set, falling back to 1 default profile: "default"
2025-11-17 20:50:58 [main] INFO  o.s.b.w.e.tomcat.TomcatWebServer - Tomcat initialized with port 8080 (http)
2025-11-17 20:50:58 [main] INFO  o.a.coyote.http11.Http11NioProtocol - Initializing ProtocolHandler ["http-nio-8080"]
2025-11-17 20:50:58 [main] INFO  o.a.catalina.core.StandardService - Starting service [Tomcat]
2025-11-17 20:50:58 [main] INFO  o.a.catalina.core.StandardEngine - Starting Servlet engine: [Apache Tomcat/10.1.48]
2025-11-17 20:50:58 [main] INFO  o.a.c.c.C.[Tomcat].[localhost].[/] - Initializing Spring embedded WebApplicationContext
2025-11-17 20:50:58 [main] INFO  o.s.b.w.s.c.ServletWebServerApplicationContext - Root WebApplicationContext: initialization completed in 1724 ms
2025-11-17 20:50:59 [main] INFO  o.a.coyote.http11.Http11NioProtocol - Starting ProtocolHandler ["http-nio-8080"]
2025-11-17 20:50:59 [main] INFO  o.s.b.w.e.tomcat.TomcatWebServer - Tomcat started on port 8080 (http) with context path '/'
2025-11-17 20:50:59 [main] INFO  c.r.d.l.LoggerDemo01Application - Started LoggerDemo01Application in 3.339 seconds (process running for 5.064)
2025-11-17 20:51:48 [http-nio-8080-exec-1] INFO  o.a.c.c.C.[Tomcat].[localhost].[/] - Initializing Spring DispatcherServlet 'dispatcherServlet'
2025-11-17 20:51:48 [http-nio-8080-exec-1] INFO  o.s.web.servlet.DispatcherServlet - Initializing Servlet 'dispatcherServlet'
2025-11-17 20:51:48 [http-nio-8080-exec-1] INFO  o.s.web.servlet.DispatcherServlet - Completed initialization in 2 ms
2025-11-17 20:51:48 [http-nio-8080-exec-1] INFO  c.r.d.l.services.MathService - Successfully divided 10 by 2. Result: 5
2025-11-17 20:52:04 [SpringApplicationShutdownHook] INFO  o.s.b.w.e.tomcat.GracefulShutdown - Commencing graceful shutdown. Waiting for active requests to complete
2025-11-17 20:52:04 [tomcat-shutdown] INFO  o.s.b.w.e.tomcat.GracefulShutdown - Graceful shutdown complete
